running egg_info
writing ../../build/traffic_light/traffic_light.egg-info/PKG-INFO
writing dependency_links to ../../build/traffic_light/traffic_light.egg-info/dependency_links.txt
writing entry points to ../../build/traffic_light/traffic_light.egg-info/entry_points.txt
writing requirements to ../../build/traffic_light/traffic_light.egg-info/requires.txt
writing top-level names to ../../build/traffic_light/traffic_light.egg-info/top_level.txt
reading manifest file '../../build/traffic_light/traffic_light.egg-info/SOURCES.txt'
writing manifest file '../../build/traffic_light/traffic_light.egg-info/SOURCES.txt'
running build
running build_py
copying traffic_light/traffic_light_client.py -> /home/shokhzod/SmartMob/Week7_ws/build/traffic_light/build/lib/traffic_light
copying traffic_light/camera_action_server.py -> /home/shokhzod/SmartMob/Week7_ws/build/traffic_light/build/lib/traffic_light
/usr/lib/python3/dist-packages/setuptools/command/install.py:34: SetuptoolsDeprecationWarning: setup.py install is deprecated. Use build and pip and other standards-based tools.
  warnings.warn(
running install
running install_lib
copying /home/shokhzod/SmartMob/Week7_ws/build/traffic_light/build/lib/traffic_light/traffic_light_client.py -> /home/shokhzod/SmartMob/Week7_ws/install/traffic_light/lib/python3.10/site-packages/traffic_light
copying /home/shokhzod/SmartMob/Week7_ws/build/traffic_light/build/lib/traffic_light/camera_action_server.py -> /home/shokhzod/SmartMob/Week7_ws/install/traffic_light/lib/python3.10/site-packages/traffic_light
byte-compiling /home/shokhzod/SmartMob/Week7_ws/install/traffic_light/lib/python3.10/site-packages/traffic_light/traffic_light_client.py to traffic_light_client.cpython-310.pyc
byte-compiling /home/shokhzod/SmartMob/Week7_ws/install/traffic_light/lib/python3.10/site-packages/traffic_light/camera_action_server.py to camera_action_server.cpython-310.pyc
running install_data
running install_egg_info
removing '/home/shokhzod/SmartMob/Week7_ws/install/traffic_light/lib/python3.10/site-packages/traffic_light-0.0.0-py3.10.egg-info' (and everything under it)
Copying ../../build/traffic_light/traffic_light.egg-info to /home/shokhzod/SmartMob/Week7_ws/install/traffic_light/lib/python3.10/site-packages/traffic_light-0.0.0-py3.10.egg-info
running install_scripts
writing list of installed files to '/home/shokhzod/SmartMob/Week7_ws/build/traffic_light/install.log'
