[1.125s] Invoking command in '/home/shokhzod/SmartMob/Week7_ws/src/traffic_light': PYTHONPATH=/home/shokhzod/SmartMob/Week7_ws/build/traffic_light/prefix_override:/home/shokhzod/SmartMob/Week7_ws/install/traffic_light/lib/python3.10/site-packages:${PYTHONPATH} /usr/bin/python3 setup.py egg_info --egg-base ../../build/traffic_light build --build-base /home/shokhzod/SmartMob/Week7_ws/build/traffic_light/build install --record /home/shokhzod/SmartMob/Week7_ws/build/traffic_light/install.log --single-version-externally-managed
[1.504s] running egg_info
[1.504s] writing ../../build/traffic_light/traffic_light.egg-info/PKG-INFO
[1.505s] writing dependency_links to ../../build/traffic_light/traffic_light.egg-info/dependency_links.txt
[1.506s] writing entry points to ../../build/traffic_light/traffic_light.egg-info/entry_points.txt
[1.506s] writing requirements to ../../build/traffic_light/traffic_light.egg-info/requires.txt
[1.506s] writing top-level names to ../../build/traffic_light/traffic_light.egg-info/top_level.txt
[1.509s] reading manifest file '../../build/traffic_light/traffic_light.egg-info/SOURCES.txt'
[1.511s] writing manifest file '../../build/traffic_light/traffic_light.egg-info/SOURCES.txt'
[1.511s] running build
[1.511s] running build_py
[1.512s] copying traffic_light/traffic_light_client.py -> /home/shokhzod/SmartMob/Week7_ws/build/traffic_light/build/lib/traffic_light
[1.512s] copying traffic_light/camera_action_server.py -> /home/shokhzod/SmartMob/Week7_ws/build/traffic_light/build/lib/traffic_light
[1.512s] /usr/lib/python3/dist-packages/setuptools/command/install.py:34: SetuptoolsDeprecationWarning: setup.py install is deprecated. Use build and pip and other standards-based tools.
[1.513s]   warnings.warn(
[1.513s] running install
[1.513s] running install_lib
[1.514s] copying /home/shokhzod/SmartMob/Week7_ws/build/traffic_light/build/lib/traffic_light/traffic_light_client.py -> /home/shokhzod/SmartMob/Week7_ws/install/traffic_light/lib/python3.10/site-packages/traffic_light
[1.514s] copying /home/shokhzod/SmartMob/Week7_ws/build/traffic_light/build/lib/traffic_light/camera_action_server.py -> /home/shokhzod/SmartMob/Week7_ws/install/traffic_light/lib/python3.10/site-packages/traffic_light
[1.515s] byte-compiling /home/shokhzod/SmartMob/Week7_ws/install/traffic_light/lib/python3.10/site-packages/traffic_light/traffic_light_client.py to traffic_light_client.cpython-310.pyc
[1.516s] byte-compiling /home/shokhzod/SmartMob/Week7_ws/install/traffic_light/lib/python3.10/site-packages/traffic_light/camera_action_server.py to camera_action_server.cpython-310.pyc
[1.517s] running install_data
[1.517s] running install_egg_info
[1.520s] removing '/home/shokhzod/SmartMob/Week7_ws/install/traffic_light/lib/python3.10/site-packages/traffic_light-0.0.0-py3.10.egg-info' (and everything under it)
[1.520s] Copying ../../build/traffic_light/traffic_light.egg-info to /home/shokhzod/SmartMob/Week7_ws/install/traffic_light/lib/python3.10/site-packages/traffic_light-0.0.0-py3.10.egg-info
[1.522s] running install_scripts
[1.553s] writing list of installed files to '/home/shokhzod/SmartMob/Week7_ws/build/traffic_light/install.log'
[1.585s] Invoked command in '/home/shokhzod/SmartMob/Week7_ws/src/traffic_light' returned '0': PYTHONPATH=/home/shokhzod/SmartMob/Week7_ws/build/traffic_light/prefix_override:/home/shokhzod/SmartMob/Week7_ws/install/traffic_light/lib/python3.10/site-packages:${PYTHONPATH} /usr/bin/python3 setup.py egg_info --egg-base ../../build/traffic_light build --build-base /home/shokhzod/SmartMob/Week7_ws/build/traffic_light/build install --record /home/shokhzod/SmartMob/Week7_ws/build/traffic_light/install.log --single-version-externally-managed
