[1.072s] Invoking command in '/home/shokhzod/SmartMob/Week7_ws/src/traffic_light': PYTHONPATH=/home/shokhzod/SmartMob/Week7_ws/build/traffic_light/prefix_override:/home/shokhzod/SmartMob/Week7_ws/install/traffic_light/lib/python3.10/site-packages:${PYTHONPATH} /usr/bin/python3 setup.py egg_info --egg-base ../../build/traffic_light build --build-base /home/shokhzod/SmartMob/Week7_ws/build/traffic_light/build install --record /home/shokhzod/SmartMob/Week7_ws/build/traffic_light/install.log --single-version-externally-managed
[1.465s] running egg_info
[1.466s] writing ../../build/traffic_light/traffic_light.egg-info/PKG-INFO
[1.466s] writing dependency_links to ../../build/traffic_light/traffic_light.egg-info/dependency_links.txt
[1.467s] writing entry points to ../../build/traffic_light/traffic_light.egg-info/entry_points.txt
[1.467s] writing requirements to ../../build/traffic_light/traffic_light.egg-info/requires.txt
[1.467s] writing top-level names to ../../build/traffic_light/traffic_light.egg-info/top_level.txt
[1.470s] reading manifest file '../../build/traffic_light/traffic_light.egg-info/SOURCES.txt'
[1.471s] writing manifest file '../../build/traffic_light/traffic_light.egg-info/SOURCES.txt'
[1.472s] running build
[1.472s] running build_py
[1.472s] running install
[1.473s] /usr/lib/python3/dist-packages/setuptools/command/install.py:34: SetuptoolsDeprecationWarning: setup.py install is deprecated. Use build and pip and other standards-based tools.
[1.473s]   warnings.warn(
[1.473s] running install_lib
[1.474s] running install_data
[1.475s] copying resource/traffic_light -> /home/shokhzod/SmartMob/Week7_ws/install/traffic_light/share/ament_index/resource_index/packages
[1.476s] running install_egg_info
[1.479s] removing '/home/shokhzod/SmartMob/Week7_ws/install/traffic_light/lib/python3.10/site-packages/traffic_light-0.0.0-py3.10.egg-info' (and everything under it)
[1.479s] Copying ../../build/traffic_light/traffic_light.egg-info to /home/shokhzod/SmartMob/Week7_ws/install/traffic_light/lib/python3.10/site-packages/traffic_light-0.0.0-py3.10.egg-info
[1.480s] running install_scripts
[1.513s] writing list of installed files to '/home/shokhzod/SmartMob/Week7_ws/build/traffic_light/install.log'
[1.552s] Invoked command in '/home/shokhzod/SmartMob/Week7_ws/src/traffic_light' returned '0': PYTHONPATH=/home/shokhzod/SmartMob/Week7_ws/build/traffic_light/prefix_override:/home/shokhzod/SmartMob/Week7_ws/install/traffic_light/lib/python3.10/site-packages:${PYTHONPATH} /usr/bin/python3 setup.py egg_info --egg-base ../../build/traffic_light build --build-base /home/shokhzod/SmartMob/Week7_ws/build/traffic_light/build install --record /home/shokhzod/SmartMob/Week7_ws/build/traffic_light/install.log --single-version-externally-managed
